<?xml version="1.0" encoding="UTF-8"?>
<testsuites name="jest tests" tests="46" failures="0" errors="0" time="6.173">
  <testsuite name="undefined" errors="0" failures="0" skipped="0" timestamp="2026-02-04T22:34:10" time="0.954" tests="1">
    <testcase classname="__tests__\smoke.test.js" name=" smoke" time="0.007">
    </testcase>
  </testsuite>
  <testsuite name="BuildingPolygon" errors="0" failures="0" skipped="0" timestamp="2026-02-04T22:34:10" time="1.467" tests="2">
    <testcase classname="__tests__\Buildingpolygon.test.tsx" name="BuildingPolygon renders building polygons" time="0.031">
    </testcase>
    <testcase classname="__tests__\Buildingpolygon.test.tsx" name="BuildingPolygon changes building color when user is inside" time="0.065">
    </testcase>
  </testsuite>
  <testsuite name="BuildingInfo" errors="0" failures="0" skipped="0" timestamp="2026-02-04T22:34:10" time="2.088" tests="10">
    <testcase classname="__tests__\BuildingInfo.test.tsx" name="BuildingInfo returns null when building is null" time="0.018">
    </testcase>
    <testcase classname="__tests__\BuildingInfo.test.tsx" name="BuildingInfo renders title, address, and close button" time="0.294">
    </testcase>
    <testcase classname="__tests__\BuildingInfo.test.tsx" name="BuildingInfo calls onClose when close button pressed" time="0.008">
    </testcase>
    <testcase classname="__tests__\BuildingInfo.test.tsx" name="BuildingInfo shows correct icon for {&quot;isAccessible&quot;: true}" time="0.005">
    </testcase>
    <testcase classname="__tests__\BuildingInfo.test.tsx" name="BuildingInfo shows correct icon for {&quot;hasParking&quot;: true}" time="0.004">
    </testcase>
    <testcase classname="__tests__\BuildingInfo.test.tsx" name="BuildingInfo shows correct icon for {&quot;hasBikeRacks&quot;: true}" time="0.004">
    </testcase>
    <testcase classname="__tests__\BuildingInfo.test.tsx" name="BuildingInfo hides all icons when no amenities" time="0.004">
    </testcase>
    <testcase classname="__tests__\BuildingInfo.test.tsx" name="BuildingInfo renders departments column with items" time="0.139">
    </testcase>
    <testcase classname="__tests__\BuildingInfo.test.tsx" name="BuildingInfo renders services column with items" time="0.009">
    </testcase>
    <testcase classname="__tests__\BuildingInfo.test.tsx" name="BuildingInfo hides columns when empty" time="0.007">
    </testcase>
  </testsuite>
  <testsuite name="App" errors="0" failures="0" skipped="0" timestamp="2026-02-04T22:34:10" time="4.464" tests="33">
    <testcase classname="__tests__\App.test.tsx" name="App renders without crashing" time="0.38">
    </testcase>
    <testcase classname="__tests__\App.test.tsx" name="App renders MapView with correct initial region" time="0.015">
    </testcase>
    <testcase classname="__tests__\App.test.tsx" name="App renders both campus selector buttons" time="0.012">
    </testcase>
    <testcase classname="__tests__\App.test.tsx" name="App renders with Downtown campus selected by default" time="0.012">
    </testcase>
    <testcase classname="__tests__\App.test.tsx" name="App Location Permissions requests location permission on mount" time="0.012">
    </testcase>
    <testcase classname="__tests__\App.test.tsx" name="App Location Permissions animates to user location when permission is granted" time="0.058">
    </testcase>
    <testcase classname="__tests__\App.test.tsx" name="App Location Permissions shows alert when location permission is denied" time="0.061">
    </testcase>
    <testcase classname="__tests__\App.test.tsx" name="App Location Permissions does not call getCurrentPosition when permission is not granted" time="0.013">
    </testcase>
    <testcase classname="__tests__\App.test.tsx" name="App Location Permissions shows location-off button when permission is denied" time="0.068">
    </testcase>
    <testcase classname="__tests__\App.test.tsx" name="App Location Permissions opens modal and can re-request permission" time="0.131">
    </testcase>
    <testcase classname="__tests__\App.test.tsx" name="App Location Permissions opens device settings from modal" time="0.218">
    </testcase>
    <testcase classname="__tests__\App.test.tsx" name="App Location Permissions closes modal when tapping Not now" time="0.08">
    </testcase>
    <testcase classname="__tests__\App.test.tsx" name="App Location Permissions closes modal when onRequestClose is triggered" time="0.089">
    </testcase>
    <testcase classname="__tests__\App.test.tsx" name="App Location Permissions hides location-off icon after returning to foreground with permission granted" time="0.116">
    </testcase>
    <testcase classname="__tests__\App.test.tsx" name="App Location Permissions handles getCurrentPositionAsync timeout error gracefully" time="0.066">
    </testcase>
    <testcase classname="__tests__\App.test.tsx" name="App Location Permissions handles getCurrentPositionAsync generic error gracefully" time="0.067">
    </testcase>
    <testcase classname="__tests__\App.test.tsx" name="App Location Permissions handles getCurrentPositionAsync location services disabled after permission granted gracefully" time="0.084">
    </testcase>
    <testcase classname="__tests__\App.test.tsx" name="App Location Permissions handles getCurrentPositionAsync network error gracefully" time="0.072">
    </testcase>
    <testcase classname="__tests__\App.test.tsx" name="App Campus Selection switches to Loyola campus when button is pressed" time="0.092">
    </testcase>
    <testcase classname="__tests__\App.test.tsx" name="App Campus Selection switches to Downtown campus when button is pressed" time="0.028">
    </testcase>
    <testcase classname="__tests__\App.test.tsx" name="App Campus Selection updates selected campus state when switching campuses" time="0.02">
    </testcase>
    <testcase classname="__tests__\App.test.tsx" name="App MapView Configuration enables user location display" time="0.014">
    </testcase>
    <testcase classname="__tests__\App.test.tsx" name="App MapView Configuration enables my location button" time="0.011">
    </testcase>
    <testcase classname="__tests__\App.test.tsx" name="App MapView Configuration sets correct map padding" time="0.011">
    </testcase>
    <testcase classname="__tests__\App.test.tsx" name="App Building Info Pop-up Interaction selects building and closes pop-up when close button is pressed" time="0.029">
    </testcase>
    <testcase classname="__tests__\App.test.tsx" name="App Display Building Info returns null when building is null" time="0.001">
    </testcase>
    <testcase classname="__tests__\App.test.tsx" name="App Display Building Info hide all icons" time="0.003">
    </testcase>
    <testcase classname="__tests__\App.test.tsx" name="App Display Building Info shows parking icon if parking lots are available" time="0.004">
    </testcase>
    <testcase classname="__tests__\App.test.tsx" name="App Display Building Info shows wheelchair icon if building entrance is accessible" time="0.003">
    </testcase>
    <testcase classname="__tests__\App.test.tsx" name="App Display Building Info shows bike icon if bike racks are available" time="0.005">
    </testcase>
    <testcase classname="__tests__\App.test.tsx" name="App Display Building Info hides columns when no departments or services" time="0.004">
    </testcase>
    <testcase classname="__tests__\App.test.tsx" name="App Display Building Info renders services column only" time="0.005">
    </testcase>
    <testcase classname="__tests__\App.test.tsx" name="App Display Building Info renders multiple departments" time="0.005">
    </testcase>
  </testsuite>
</testsuites>