<?xml version="1.0" encoding="UTF-8"?>
<testsuites name="jest tests" tests="68" failures="17" errors="0" time="14.126">
  <testsuite name="undefined" errors="0" failures="0" skipped="0" timestamp="2026-02-04T22:53:44" time="0.246" tests="1">
    <testcase classname="__tests__/smoke.test.js" name=" smoke" time="0.003">
    </testcase>
  </testsuite>
  <testsuite name="BuildingPolygon" errors="0" failures="0" skipped="0" timestamp="2026-02-04T22:53:44" time="0.405" tests="2">
    <testcase classname="__tests__/Buildingpolygon.test.tsx" name="BuildingPolygon renders building polygons" time="0.015">
    </testcase>
    <testcase classname="__tests__/Buildingpolygon.test.tsx" name="BuildingPolygon changes building color when user is inside" time="0.03">
    </testcase>
  </testsuite>
  <testsuite name="BuildingInfo" errors="0" failures="0" skipped="0" timestamp="2026-02-04T22:53:44" time="0.536" tests="10">
    <testcase classname="__tests__/BuildingInfo.test.tsx" name="BuildingInfo returns null when building is null" time="0.016">
    </testcase>
    <testcase classname="__tests__/BuildingInfo.test.tsx" name="BuildingInfo renders title, address, and close button" time="0.069">
    </testcase>
    <testcase classname="__tests__/BuildingInfo.test.tsx" name="BuildingInfo calls onClose when close button pressed" time="0.002">
    </testcase>
    <testcase classname="__tests__/BuildingInfo.test.tsx" name="BuildingInfo shows correct icon for {&quot;isAccessible&quot;: true}" time="0.001">
    </testcase>
    <testcase classname="__tests__/BuildingInfo.test.tsx" name="BuildingInfo shows correct icon for {&quot;hasParking&quot;: true}" time="0.001">
    </testcase>
    <testcase classname="__tests__/BuildingInfo.test.tsx" name="BuildingInfo shows correct icon for {&quot;hasBikeRacks&quot;: true}" time="0.002">
    </testcase>
    <testcase classname="__tests__/BuildingInfo.test.tsx" name="BuildingInfo hides all icons when no amenities" time="0.001">
    </testcase>
    <testcase classname="__tests__/BuildingInfo.test.tsx" name="BuildingInfo renders departments column with items" time="0.033">
    </testcase>
    <testcase classname="__tests__/BuildingInfo.test.tsx" name="BuildingInfo renders services column with items" time="0.002">
    </testcase>
    <testcase classname="__tests__/BuildingInfo.test.tsx" name="BuildingInfo hides columns when empty" time="0.002">
    </testcase>
  </testsuite>
  <testsuite name="App" errors="0" failures="17" skipped="0" timestamp="2026-02-04T22:53:44" time="13.608" tests="55">
    <testcase classname="__tests__/App.test.tsx" name="App renders without crashing" time="0.072">
    </testcase>
    <testcase classname="__tests__/App.test.tsx" name="App renders MapView with correct initial region" time="0.002">
    </testcase>
    <testcase classname="__tests__/App.test.tsx" name="App renders both campus selector buttons" time="0.003">
    </testcase>
    <testcase classname="__tests__/App.test.tsx" name="App renders with Downtown campus selected by default" time="0.003">
    </testcase>
    <testcase classname="__tests__/App.test.tsx" name="App Location Permissions requests location permission on mount" time="0.003">
    </testcase>
    <testcase classname="__tests__/App.test.tsx" name="App Location Permissions animates to user location when permission is granted" time="0.052">
    </testcase>
    <testcase classname="__tests__/App.test.tsx" name="App Location Permissions shows alert when location permission is denied" time="0.053">
    </testcase>
    <testcase classname="__tests__/App.test.tsx" name="App Location Permissions does not call getCurrentPosition when permission is not granted" time="0.002">
    </testcase>
    <testcase classname="__tests__/App.test.tsx" name="App Location Permissions shows location-off button when permission is denied" time="1.006">
      <failure>Error: Unable to find an element with testID: location-off-button

&lt;View&gt;
  &lt;View
    testID=&quot;map-view&quot;
  &gt;
    &lt;View
      accessible={true}
      testID=&quot;select-building&quot;
    &gt;
      &lt;Text&gt;
        select
      &lt;/Text&gt;
    &lt;/View&gt;
  &lt;/View&gt;
  &lt;View&gt;
    &lt;View&gt;
      &lt;View&gt;
        &lt;View /&gt;
        &lt;View
          accessible={true}
        &gt;
          &lt;Text&gt;
            Downtown
          &lt;/Text&gt;
        &lt;/View&gt;
        &lt;View
          accessible={true}
        &gt;
          &lt;Text&gt;
            Loyola
          &lt;/Text&gt;
        &lt;/View&gt;
      &lt;/View&gt;
    &lt;/View&gt;
    &lt;View&gt;
      &lt;View
        accessible={true}
      &gt;
        &lt;Text&gt;
          📍 Set Location
        &lt;/Text&gt;
      &lt;/View&gt;
    &lt;/View&gt;
  &lt;/View&gt;
&lt;/View&gt;
    at Object.&lt;anonymous&gt; (/Users/vincent-personal/Documents/GitHub/hotfixinprod/mobile/__tests__/App.test.tsx:225:20)
    at Generator.next (&lt;anonymous&gt;)
    at asyncGeneratorStep (/Users/vincent-personal/Documents/GitHub/hotfixinprod/mobile/node_modules/@babel/runtime/helpers/asyncToGenerator.js:3:17)
    at _next (/Users/vincent-personal/Documents/GitHub/hotfixinprod/mobile/node_modules/@babel/runtime/helpers/asyncToGenerator.js:17:9)
    at /Users/vincent-personal/Documents/GitHub/hotfixinprod/mobile/node_modules/@babel/runtime/helpers/asyncToGenerator.js:22:7
    at new Promise (&lt;anonymous&gt;)
    at Object.&lt;anonymous&gt; (/Users/vincent-personal/Documents/GitHub/hotfixinprod/mobile/node_modules/@babel/runtime/helpers/asyncToGenerator.js:14:12)
    at Promise.then.completed (/Users/vincent-personal/Documents/GitHub/hotfixinprod/mobile/node_modules/jest-circus/build/utils.js:298:28)
    at new Promise (&lt;anonymous&gt;)
    at callAsyncCircusFn (/Users/vincent-personal/Documents/GitHub/hotfixinprod/mobile/node_modules/jest-circus/build/utils.js:231:10)
    at _callCircusTest (/Users/vincent-personal/Documents/GitHub/hotfixinprod/mobile/node_modules/jest-circus/build/run.js:316:40)
    at _runTest (/Users/vincent-personal/Documents/GitHub/hotfixinprod/mobile/node_modules/jest-circus/build/run.js:252:3)
    at _runTestsForDescribeBlock (/Users/vincent-personal/Documents/GitHub/hotfixinprod/mobile/node_modules/jest-circus/build/run.js:126:9)
    at _runTestsForDescribeBlock (/Users/vincent-personal/Documents/GitHub/hotfixinprod/mobile/node_modules/jest-circus/build/run.js:121:9)
    at _runTestsForDescribeBlock (/Users/vincent-personal/Documents/GitHub/hotfixinprod/mobile/node_modules/jest-circus/build/run.js:121:9)
    at run (/Users/vincent-personal/Documents/GitHub/hotfixinprod/mobile/node_modules/jest-circus/build/run.js:71:3)
    at runAndTransformResultsToJestFormat (/Users/vincent-personal/Documents/GitHub/hotfixinprod/mobile/node_modules/jest-circus/build/legacy-code-todo-rewrite/jestAdapterInit.js:122:21)
    at jestAdapter (/Users/vincent-personal/Documents/GitHub/hotfixinprod/mobile/node_modules/jest-circus/build/legacy-code-todo-rewrite/jestAdapter.js:79:19)
    at runTestInternal (/Users/vincent-personal/Documents/GitHub/hotfixinprod/mobile/node_modules/jest-runner/build/runTest.js:367:16)
    at runTest (/Users/vincent-personal/Documents/GitHub/hotfixinprod/mobile/node_modules/jest-runner/build/runTest.js:444:34)
    at Object.worker (/Users/vincent-personal/Documents/GitHub/hotfixinprod/mobile/node_modules/jest-runner/build/testWorker.js:106:12)</failure>
    </testcase>
    <testcase classname="__tests__/App.test.tsx" name="App Location Permissions opens modal and can re-request permission" time="1.008">
      <failure>Error: Unable to find an element with testID: location-off-button

&lt;View&gt;
  &lt;View
    testID=&quot;map-view&quot;
  &gt;
    &lt;View
      accessible={true}
      testID=&quot;select-building&quot;
    &gt;
      &lt;Text&gt;
        select
      &lt;/Text&gt;
    &lt;/View&gt;
  &lt;/View&gt;
  &lt;View&gt;
    &lt;View&gt;
      &lt;View&gt;
        &lt;View /&gt;
        &lt;View
          accessible={true}
        &gt;
          &lt;Text&gt;
            Downtown
          &lt;/Text&gt;
        &lt;/View&gt;
        &lt;View
          accessible={true}
        &gt;
          &lt;Text&gt;
            Loyola
          &lt;/Text&gt;
        &lt;/View&gt;
      &lt;/View&gt;
    &lt;/View&gt;
    &lt;View&gt;
      &lt;View
        accessible={true}
      &gt;
        &lt;Text&gt;
          📍 Set Location
        &lt;/Text&gt;
      &lt;/View&gt;
    &lt;/View&gt;
  &lt;/View&gt;
&lt;/View&gt;
    at Object.&lt;anonymous&gt; (/Users/vincent-personal/Documents/GitHub/hotfixinprod/mobile/__tests__/App.test.tsx:234:20)
    at Generator.next (&lt;anonymous&gt;)
    at asyncGeneratorStep (/Users/vincent-personal/Documents/GitHub/hotfixinprod/mobile/node_modules/@babel/runtime/helpers/asyncToGenerator.js:3:17)
    at _next (/Users/vincent-personal/Documents/GitHub/hotfixinprod/mobile/node_modules/@babel/runtime/helpers/asyncToGenerator.js:17:9)
    at /Users/vincent-personal/Documents/GitHub/hotfixinprod/mobile/node_modules/@babel/runtime/helpers/asyncToGenerator.js:22:7
    at new Promise (&lt;anonymous&gt;)
    at Object.&lt;anonymous&gt; (/Users/vincent-personal/Documents/GitHub/hotfixinprod/mobile/node_modules/@babel/runtime/helpers/asyncToGenerator.js:14:12)
    at Promise.then.completed (/Users/vincent-personal/Documents/GitHub/hotfixinprod/mobile/node_modules/jest-circus/build/utils.js:298:28)
    at new Promise (&lt;anonymous&gt;)
    at callAsyncCircusFn (/Users/vincent-personal/Documents/GitHub/hotfixinprod/mobile/node_modules/jest-circus/build/utils.js:231:10)
    at _callCircusTest (/Users/vincent-personal/Documents/GitHub/hotfixinprod/mobile/node_modules/jest-circus/build/run.js:316:40)
    at _runTest (/Users/vincent-personal/Documents/GitHub/hotfixinprod/mobile/node_modules/jest-circus/build/run.js:252:3)
    at _runTestsForDescribeBlock (/Users/vincent-personal/Documents/GitHub/hotfixinprod/mobile/node_modules/jest-circus/build/run.js:126:9)
    at _runTestsForDescribeBlock (/Users/vincent-personal/Documents/GitHub/hotfixinprod/mobile/node_modules/jest-circus/build/run.js:121:9)
    at _runTestsForDescribeBlock (/Users/vincent-personal/Documents/GitHub/hotfixinprod/mobile/node_modules/jest-circus/build/run.js:121:9)
    at run (/Users/vincent-personal/Documents/GitHub/hotfixinprod/mobile/node_modules/jest-circus/build/run.js:71:3)
    at runAndTransformResultsToJestFormat (/Users/vincent-personal/Documents/GitHub/hotfixinprod/mobile/node_modules/jest-circus/build/legacy-code-todo-rewrite/jestAdapterInit.js:122:21)
    at jestAdapter (/Users/vincent-personal/Documents/GitHub/hotfixinprod/mobile/node_modules/jest-circus/build/legacy-code-todo-rewrite/jestAdapter.js:79:19)
    at runTestInternal (/Users/vincent-personal/Documents/GitHub/hotfixinprod/mobile/node_modules/jest-runner/build/runTest.js:367:16)
    at runTest (/Users/vincent-personal/Documents/GitHub/hotfixinprod/mobile/node_modules/jest-runner/build/runTest.js:444:34)
    at Object.worker (/Users/vincent-personal/Documents/GitHub/hotfixinprod/mobile/node_modules/jest-runner/build/testWorker.js:106:12)</failure>
    </testcase>
    <testcase classname="__tests__/App.test.tsx" name="App Location Permissions opens device settings from modal" time="1.007">
      <failure>Error: Unable to find an element with testID: location-off-button

&lt;View&gt;
  &lt;View
    testID=&quot;map-view&quot;
  &gt;
    &lt;View
      accessible={true}
      testID=&quot;select-building&quot;
    &gt;
      &lt;Text&gt;
        select
      &lt;/Text&gt;
    &lt;/View&gt;
  &lt;/View&gt;
  &lt;View&gt;
    &lt;View&gt;
      &lt;View&gt;
        &lt;View /&gt;
        &lt;View
          accessible={true}
        &gt;
          &lt;Text&gt;
            Downtown
          &lt;/Text&gt;
        &lt;/View&gt;
        &lt;View
          accessible={true}
        &gt;
          &lt;Text&gt;
            Loyola
          &lt;/Text&gt;
        &lt;/View&gt;
      &lt;/View&gt;
    &lt;/View&gt;
    &lt;View&gt;
      &lt;View
        accessible={true}
      &gt;
        &lt;Text&gt;
          📍 Set Location
        &lt;/Text&gt;
      &lt;/View&gt;
    &lt;/View&gt;
  &lt;/View&gt;
&lt;/View&gt;
    at Object.&lt;anonymous&gt; (/Users/vincent-personal/Documents/GitHub/hotfixinprod/mobile/__tests__/App.test.tsx:254:20)
    at Generator.next (&lt;anonymous&gt;)
    at asyncGeneratorStep (/Users/vincent-personal/Documents/GitHub/hotfixinprod/mobile/node_modules/@babel/runtime/helpers/asyncToGenerator.js:3:17)
    at _next (/Users/vincent-personal/Documents/GitHub/hotfixinprod/mobile/node_modules/@babel/runtime/helpers/asyncToGenerator.js:17:9)
    at /Users/vincent-personal/Documents/GitHub/hotfixinprod/mobile/node_modules/@babel/runtime/helpers/asyncToGenerator.js:22:7
    at new Promise (&lt;anonymous&gt;)
    at Object.&lt;anonymous&gt; (/Users/vincent-personal/Documents/GitHub/hotfixinprod/mobile/node_modules/@babel/runtime/helpers/asyncToGenerator.js:14:12)
    at Promise.then.completed (/Users/vincent-personal/Documents/GitHub/hotfixinprod/mobile/node_modules/jest-circus/build/utils.js:298:28)
    at new Promise (&lt;anonymous&gt;)
    at callAsyncCircusFn (/Users/vincent-personal/Documents/GitHub/hotfixinprod/mobile/node_modules/jest-circus/build/utils.js:231:10)
    at _callCircusTest (/Users/vincent-personal/Documents/GitHub/hotfixinprod/mobile/node_modules/jest-circus/build/run.js:316:40)
    at _runTest (/Users/vincent-personal/Documents/GitHub/hotfixinprod/mobile/node_modules/jest-circus/build/run.js:252:3)
    at _runTestsForDescribeBlock (/Users/vincent-personal/Documents/GitHub/hotfixinprod/mobile/node_modules/jest-circus/build/run.js:126:9)
    at _runTestsForDescribeBlock (/Users/vincent-personal/Documents/GitHub/hotfixinprod/mobile/node_modules/jest-circus/build/run.js:121:9)
    at _runTestsForDescribeBlock (/Users/vincent-personal/Documents/GitHub/hotfixinprod/mobile/node_modules/jest-circus/build/run.js:121:9)
    at run (/Users/vincent-personal/Documents/GitHub/hotfixinprod/mobile/node_modules/jest-circus/build/run.js:71:3)
    at runAndTransformResultsToJestFormat (/Users/vincent-personal/Documents/GitHub/hotfixinprod/mobile/node_modules/jest-circus/build/legacy-code-todo-rewrite/jestAdapterInit.js:122:21)
    at jestAdapter (/Users/vincent-personal/Documents/GitHub/hotfixinprod/mobile/node_modules/jest-circus/build/legacy-code-todo-rewrite/jestAdapter.js:79:19)
    at runTestInternal (/Users/vincent-personal/Documents/GitHub/hotfixinprod/mobile/node_modules/jest-runner/build/runTest.js:367:16)
    at runTest (/Users/vincent-personal/Documents/GitHub/hotfixinprod/mobile/node_modules/jest-runner/build/runTest.js:444:34)
    at Object.worker (/Users/vincent-personal/Documents/GitHub/hotfixinprod/mobile/node_modules/jest-runner/build/testWorker.js:106:12)</failure>
    </testcase>
    <testcase classname="__tests__/App.test.tsx" name="App Location Permissions closes modal when tapping Not now" time="1.007">
      <failure>Error: Unable to find an element with testID: location-off-button

&lt;View&gt;
  &lt;View
    testID=&quot;map-view&quot;
  &gt;
    &lt;View
      accessible={true}
      testID=&quot;select-building&quot;
    &gt;
      &lt;Text&gt;
        select
      &lt;/Text&gt;
    &lt;/View&gt;
  &lt;/View&gt;
  &lt;View&gt;
    &lt;View&gt;
      &lt;View&gt;
        &lt;View /&gt;
        &lt;View
          accessible={true}
        &gt;
          &lt;Text&gt;
            Downtown
          &lt;/Text&gt;
        &lt;/View&gt;
        &lt;View
          accessible={true}
        &gt;
          &lt;Text&gt;
            Loyola
          &lt;/Text&gt;
        &lt;/View&gt;
      &lt;/View&gt;
    &lt;/View&gt;
    &lt;View&gt;
      &lt;View
        accessible={true}
      &gt;
        &lt;Text&gt;
          📍 Set Location
        &lt;/Text&gt;
      &lt;/View&gt;
    &lt;/View&gt;
  &lt;/View&gt;
&lt;/View&gt;
    at Object.&lt;anonymous&gt; (/Users/vincent-personal/Documents/GitHub/hotfixinprod/mobile/__tests__/App.test.tsx:267:20)
    at Generator.next (&lt;anonymous&gt;)
    at asyncGeneratorStep (/Users/vincent-personal/Documents/GitHub/hotfixinprod/mobile/node_modules/@babel/runtime/helpers/asyncToGenerator.js:3:17)
    at _next (/Users/vincent-personal/Documents/GitHub/hotfixinprod/mobile/node_modules/@babel/runtime/helpers/asyncToGenerator.js:17:9)
    at /Users/vincent-personal/Documents/GitHub/hotfixinprod/mobile/node_modules/@babel/runtime/helpers/asyncToGenerator.js:22:7
    at new Promise (&lt;anonymous&gt;)
    at Object.&lt;anonymous&gt; (/Users/vincent-personal/Documents/GitHub/hotfixinprod/mobile/node_modules/@babel/runtime/helpers/asyncToGenerator.js:14:12)
    at Promise.then.completed (/Users/vincent-personal/Documents/GitHub/hotfixinprod/mobile/node_modules/jest-circus/build/utils.js:298:28)
    at new Promise (&lt;anonymous&gt;)
    at callAsyncCircusFn (/Users/vincent-personal/Documents/GitHub/hotfixinprod/mobile/node_modules/jest-circus/build/utils.js:231:10)
    at _callCircusTest (/Users/vincent-personal/Documents/GitHub/hotfixinprod/mobile/node_modules/jest-circus/build/run.js:316:40)
    at _runTest (/Users/vincent-personal/Documents/GitHub/hotfixinprod/mobile/node_modules/jest-circus/build/run.js:252:3)
    at _runTestsForDescribeBlock (/Users/vincent-personal/Documents/GitHub/hotfixinprod/mobile/node_modules/jest-circus/build/run.js:126:9)
    at _runTestsForDescribeBlock (/Users/vincent-personal/Documents/GitHub/hotfixinprod/mobile/node_modules/jest-circus/build/run.js:121:9)
    at _runTestsForDescribeBlock (/Users/vincent-personal/Documents/GitHub/hotfixinprod/mobile/node_modules/jest-circus/build/run.js:121:9)
    at run (/Users/vincent-personal/Documents/GitHub/hotfixinprod/mobile/node_modules/jest-circus/build/run.js:71:3)
    at runAndTransformResultsToJestFormat (/Users/vincent-personal/Documents/GitHub/hotfixinprod/mobile/node_modules/jest-circus/build/legacy-code-todo-rewrite/jestAdapterInit.js:122:21)
    at jestAdapter (/Users/vincent-personal/Documents/GitHub/hotfixinprod/mobile/node_modules/jest-circus/build/legacy-code-todo-rewrite/jestAdapter.js:79:19)
    at runTestInternal (/Users/vincent-personal/Documents/GitHub/hotfixinprod/mobile/node_modules/jest-runner/build/runTest.js:367:16)
    at runTest (/Users/vincent-personal/Documents/GitHub/hotfixinprod/mobile/node_modules/jest-runner/build/runTest.js:444:34)
    at Object.worker (/Users/vincent-personal/Documents/GitHub/hotfixinprod/mobile/node_modules/jest-runner/build/testWorker.js:106:12)</failure>
    </testcase>
    <testcase classname="__tests__/App.test.tsx" name="App Location Permissions closes modal when onRequestClose is triggered" time="1.007">
      <failure>Error: Unable to find an element with testID: location-off-button

&lt;View&gt;
  &lt;View
    testID=&quot;map-view&quot;
  &gt;
    &lt;View
      accessible={true}
      testID=&quot;select-building&quot;
    &gt;
      &lt;Text&gt;
        select
      &lt;/Text&gt;
    &lt;/View&gt;
  &lt;/View&gt;
  &lt;View&gt;
    &lt;View&gt;
      &lt;View&gt;
        &lt;View /&gt;
        &lt;View
          accessible={true}
        &gt;
          &lt;Text&gt;
            Downtown
          &lt;/Text&gt;
        &lt;/View&gt;
        &lt;View
          accessible={true}
        &gt;
          &lt;Text&gt;
            Loyola
          &lt;/Text&gt;
        &lt;/View&gt;
      &lt;/View&gt;
    &lt;/View&gt;
    &lt;View&gt;
      &lt;View
        accessible={true}
      &gt;
        &lt;Text&gt;
          📍 Set Location
        &lt;/Text&gt;
      &lt;/View&gt;
    &lt;/View&gt;
  &lt;/View&gt;
&lt;/View&gt;
    at Object.&lt;anonymous&gt; (/Users/vincent-personal/Documents/GitHub/hotfixinprod/mobile/__tests__/App.test.tsx:278:20)
    at Generator.next (&lt;anonymous&gt;)
    at asyncGeneratorStep (/Users/vincent-personal/Documents/GitHub/hotfixinprod/mobile/node_modules/@babel/runtime/helpers/asyncToGenerator.js:3:17)
    at _next (/Users/vincent-personal/Documents/GitHub/hotfixinprod/mobile/node_modules/@babel/runtime/helpers/asyncToGenerator.js:17:9)
    at /Users/vincent-personal/Documents/GitHub/hotfixinprod/mobile/node_modules/@babel/runtime/helpers/asyncToGenerator.js:22:7
    at new Promise (&lt;anonymous&gt;)
    at Object.&lt;anonymous&gt; (/Users/vincent-personal/Documents/GitHub/hotfixinprod/mobile/node_modules/@babel/runtime/helpers/asyncToGenerator.js:14:12)
    at Promise.then.completed (/Users/vincent-personal/Documents/GitHub/hotfixinprod/mobile/node_modules/jest-circus/build/utils.js:298:28)
    at new Promise (&lt;anonymous&gt;)
    at callAsyncCircusFn (/Users/vincent-personal/Documents/GitHub/hotfixinprod/mobile/node_modules/jest-circus/build/utils.js:231:10)
    at _callCircusTest (/Users/vincent-personal/Documents/GitHub/hotfixinprod/mobile/node_modules/jest-circus/build/run.js:316:40)
    at _runTest (/Users/vincent-personal/Documents/GitHub/hotfixinprod/mobile/node_modules/jest-circus/build/run.js:252:3)
    at _runTestsForDescribeBlock (/Users/vincent-personal/Documents/GitHub/hotfixinprod/mobile/node_modules/jest-circus/build/run.js:126:9)
    at _runTestsForDescribeBlock (/Users/vincent-personal/Documents/GitHub/hotfixinprod/mobile/node_modules/jest-circus/build/run.js:121:9)
    at _runTestsForDescribeBlock (/Users/vincent-personal/Documents/GitHub/hotfixinprod/mobile/node_modules/jest-circus/build/run.js:121:9)
    at run (/Users/vincent-personal/Documents/GitHub/hotfixinprod/mobile/node_modules/jest-circus/build/run.js:71:3)
    at runAndTransformResultsToJestFormat (/Users/vincent-personal/Documents/GitHub/hotfixinprod/mobile/node_modules/jest-circus/build/legacy-code-todo-rewrite/jestAdapterInit.js:122:21)
    at jestAdapter (/Users/vincent-personal/Documents/GitHub/hotfixinprod/mobile/node_modules/jest-circus/build/legacy-code-todo-rewrite/jestAdapter.js:79:19)
    at runTestInternal (/Users/vincent-personal/Documents/GitHub/hotfixinprod/mobile/node_modules/jest-runner/build/runTest.js:367:16)
    at runTest (/Users/vincent-personal/Documents/GitHub/hotfixinprod/mobile/node_modules/jest-runner/build/runTest.js:444:34)
    at Object.worker (/Users/vincent-personal/Documents/GitHub/hotfixinprod/mobile/node_modules/jest-runner/build/testWorker.js:106:12)</failure>
    </testcase>
    <testcase classname="__tests__/App.test.tsx" name="App Location Permissions hides location-off icon after returning to foreground with permission granted" time="1.007">
      <failure>Error: Unable to find an element with testID: location-off-button

&lt;View&gt;
  &lt;View
    testID=&quot;map-view&quot;
  &gt;
    &lt;View
      accessible={true}
      testID=&quot;select-building&quot;
    &gt;
      &lt;Text&gt;
        select
      &lt;/Text&gt;
    &lt;/View&gt;
  &lt;/View&gt;
  &lt;View&gt;
    &lt;View&gt;
      &lt;View&gt;
        &lt;View /&gt;
        &lt;View
          accessible={true}
        &gt;
          &lt;Text&gt;
            Downtown
          &lt;/Text&gt;
        &lt;/View&gt;
        &lt;View
          accessible={true}
        &gt;
          &lt;Text&gt;
            Loyola
          &lt;/Text&gt;
        &lt;/View&gt;
      &lt;/View&gt;
    &lt;/View&gt;
    &lt;View&gt;
      &lt;View
        accessible={true}
      &gt;
        &lt;Text&gt;
          📍 Set Location
        &lt;/Text&gt;
      &lt;/View&gt;
    &lt;/View&gt;
  &lt;/View&gt;
&lt;/View&gt;
    at Object.&lt;anonymous&gt; (/Users/vincent-personal/Documents/GitHub/hotfixinprod/mobile/__tests__/App.test.tsx:300:20)
    at Generator.next (&lt;anonymous&gt;)
    at asyncGeneratorStep (/Users/vincent-personal/Documents/GitHub/hotfixinprod/mobile/node_modules/@babel/runtime/helpers/asyncToGenerator.js:3:17)
    at _next (/Users/vincent-personal/Documents/GitHub/hotfixinprod/mobile/node_modules/@babel/runtime/helpers/asyncToGenerator.js:17:9)
    at /Users/vincent-personal/Documents/GitHub/hotfixinprod/mobile/node_modules/@babel/runtime/helpers/asyncToGenerator.js:22:7
    at new Promise (&lt;anonymous&gt;)
    at Object.&lt;anonymous&gt; (/Users/vincent-personal/Documents/GitHub/hotfixinprod/mobile/node_modules/@babel/runtime/helpers/asyncToGenerator.js:14:12)
    at Promise.then.completed (/Users/vincent-personal/Documents/GitHub/hotfixinprod/mobile/node_modules/jest-circus/build/utils.js:298:28)
    at new Promise (&lt;anonymous&gt;)
    at callAsyncCircusFn (/Users/vincent-personal/Documents/GitHub/hotfixinprod/mobile/node_modules/jest-circus/build/utils.js:231:10)
    at _callCircusTest (/Users/vincent-personal/Documents/GitHub/hotfixinprod/mobile/node_modules/jest-circus/build/run.js:316:40)
    at _runTest (/Users/vincent-personal/Documents/GitHub/hotfixinprod/mobile/node_modules/jest-circus/build/run.js:252:3)
    at _runTestsForDescribeBlock (/Users/vincent-personal/Documents/GitHub/hotfixinprod/mobile/node_modules/jest-circus/build/run.js:126:9)
    at _runTestsForDescribeBlock (/Users/vincent-personal/Documents/GitHub/hotfixinprod/mobile/node_modules/jest-circus/build/run.js:121:9)
    at _runTestsForDescribeBlock (/Users/vincent-personal/Documents/GitHub/hotfixinprod/mobile/node_modules/jest-circus/build/run.js:121:9)
    at run (/Users/vincent-personal/Documents/GitHub/hotfixinprod/mobile/node_modules/jest-circus/build/run.js:71:3)
    at runAndTransformResultsToJestFormat (/Users/vincent-personal/Documents/GitHub/hotfixinprod/mobile/node_modules/jest-circus/build/legacy-code-todo-rewrite/jestAdapterInit.js:122:21)
    at jestAdapter (/Users/vincent-personal/Documents/GitHub/hotfixinprod/mobile/node_modules/jest-circus/build/legacy-code-todo-rewrite/jestAdapter.js:79:19)
    at runTestInternal (/Users/vincent-personal/Documents/GitHub/hotfixinprod/mobile/node_modules/jest-runner/build/runTest.js:367:16)
    at runTest (/Users/vincent-personal/Documents/GitHub/hotfixinprod/mobile/node_modules/jest-runner/build/runTest.js:444:34)
    at Object.worker (/Users/vincent-personal/Documents/GitHub/hotfixinprod/mobile/node_modules/jest-runner/build/testWorker.js:106:12)</failure>
    </testcase>
    <testcase classname="__tests__/App.test.tsx" name="App Location Permissions handles getCurrentPositionAsync timeout error gracefully" time="0.059">
    </testcase>
    <testcase classname="__tests__/App.test.tsx" name="App Location Permissions handles getCurrentPositionAsync generic error gracefully" time="0.057">
    </testcase>
    <testcase classname="__tests__/App.test.tsx" name="App Location Permissions handles getCurrentPositionAsync location services disabled after permission granted gracefully" time="0.058">
    </testcase>
    <testcase classname="__tests__/App.test.tsx" name="App Location Permissions handles getCurrentPositionAsync network error gracefully" time="0.057">
    </testcase>
    <testcase classname="__tests__/App.test.tsx" name="App Campus Selection switches to Loyola campus when button is pressed" time="0.039">
    </testcase>
    <testcase classname="__tests__/App.test.tsx" name="App Campus Selection switches to Downtown campus when button is pressed" time="0.017">
    </testcase>
    <testcase classname="__tests__/App.test.tsx" name="App Campus Selection updates selected campus state when switching campuses" time="0.004">
    </testcase>
    <testcase classname="__tests__/App.test.tsx" name="App MapView Configuration enables user location display" time="0.003">
      <failure>Error: expect(received).toBe(expected) // Object.is equality

Expected: true
Received: false
    at Object.toBe (/Users/vincent-personal/Documents/GitHub/hotfixinprod/mobile/__tests__/App.test.tsx:400:47)
    at Promise.then.completed (/Users/vincent-personal/Documents/GitHub/hotfixinprod/mobile/node_modules/jest-circus/build/utils.js:298:28)
    at new Promise (&lt;anonymous&gt;)
    at callAsyncCircusFn (/Users/vincent-personal/Documents/GitHub/hotfixinprod/mobile/node_modules/jest-circus/build/utils.js:231:10)
    at _callCircusTest (/Users/vincent-personal/Documents/GitHub/hotfixinprod/mobile/node_modules/jest-circus/build/run.js:316:40)
    at _runTest (/Users/vincent-personal/Documents/GitHub/hotfixinprod/mobile/node_modules/jest-circus/build/run.js:252:3)
    at _runTestsForDescribeBlock (/Users/vincent-personal/Documents/GitHub/hotfixinprod/mobile/node_modules/jest-circus/build/run.js:126:9)
    at _runTestsForDescribeBlock (/Users/vincent-personal/Documents/GitHub/hotfixinprod/mobile/node_modules/jest-circus/build/run.js:121:9)
    at _runTestsForDescribeBlock (/Users/vincent-personal/Documents/GitHub/hotfixinprod/mobile/node_modules/jest-circus/build/run.js:121:9)
    at run (/Users/vincent-personal/Documents/GitHub/hotfixinprod/mobile/node_modules/jest-circus/build/run.js:71:3)
    at runAndTransformResultsToJestFormat (/Users/vincent-personal/Documents/GitHub/hotfixinprod/mobile/node_modules/jest-circus/build/legacy-code-todo-rewrite/jestAdapterInit.js:122:21)
    at jestAdapter (/Users/vincent-personal/Documents/GitHub/hotfixinprod/mobile/node_modules/jest-circus/build/legacy-code-todo-rewrite/jestAdapter.js:79:19)
    at runTestInternal (/Users/vincent-personal/Documents/GitHub/hotfixinprod/mobile/node_modules/jest-runner/build/runTest.js:367:16)
    at runTest (/Users/vincent-personal/Documents/GitHub/hotfixinprod/mobile/node_modules/jest-runner/build/runTest.js:444:34)
    at Object.worker (/Users/vincent-personal/Documents/GitHub/hotfixinprod/mobile/node_modules/jest-runner/build/testWorker.js:106:12)</failure>
    </testcase>
    <testcase classname="__tests__/App.test.tsx" name="App MapView Configuration enables my location button" time="0.002">
      <failure>Error: expect(received).toBe(expected) // Object.is equality

Expected: true
Received: false
    at Object.toBe (/Users/vincent-personal/Documents/GitHub/hotfixinprod/mobile/__tests__/App.test.tsx:407:51)
    at Promise.then.completed (/Users/vincent-personal/Documents/GitHub/hotfixinprod/mobile/node_modules/jest-circus/build/utils.js:298:28)
    at new Promise (&lt;anonymous&gt;)
    at callAsyncCircusFn (/Users/vincent-personal/Documents/GitHub/hotfixinprod/mobile/node_modules/jest-circus/build/utils.js:231:10)
    at _callCircusTest (/Users/vincent-personal/Documents/GitHub/hotfixinprod/mobile/node_modules/jest-circus/build/run.js:316:40)
    at _runTest (/Users/vincent-personal/Documents/GitHub/hotfixinprod/mobile/node_modules/jest-circus/build/run.js:252:3)
    at _runTestsForDescribeBlock (/Users/vincent-personal/Documents/GitHub/hotfixinprod/mobile/node_modules/jest-circus/build/run.js:126:9)
    at _runTestsForDescribeBlock (/Users/vincent-personal/Documents/GitHub/hotfixinprod/mobile/node_modules/jest-circus/build/run.js:121:9)
    at _runTestsForDescribeBlock (/Users/vincent-personal/Documents/GitHub/hotfixinprod/mobile/node_modules/jest-circus/build/run.js:121:9)
    at run (/Users/vincent-personal/Documents/GitHub/hotfixinprod/mobile/node_modules/jest-circus/build/run.js:71:3)
    at runAndTransformResultsToJestFormat (/Users/vincent-personal/Documents/GitHub/hotfixinprod/mobile/node_modules/jest-circus/build/legacy-code-todo-rewrite/jestAdapterInit.js:122:21)
    at jestAdapter (/Users/vincent-personal/Documents/GitHub/hotfixinprod/mobile/node_modules/jest-circus/build/legacy-code-todo-rewrite/jestAdapter.js:79:19)
    at runTestInternal (/Users/vincent-personal/Documents/GitHub/hotfixinprod/mobile/node_modules/jest-runner/build/runTest.js:367:16)
    at runTest (/Users/vincent-personal/Documents/GitHub/hotfixinprod/mobile/node_modules/jest-runner/build/runTest.js:444:34)
    at Object.worker (/Users/vincent-personal/Documents/GitHub/hotfixinprod/mobile/node_modules/jest-runner/build/testWorker.js:106:12)</failure>
    </testcase>
    <testcase classname="__tests__/App.test.tsx" name="App MapView Configuration sets correct map padding" time="0.002">
    </testcase>
    <testcase classname="__tests__/App.test.tsx" name="App Building Info Pop-up Interaction selects building and closes pop-up when close button is pressed" time="0.01">
    </testcase>
    <testcase classname="__tests__/App.test.tsx" name="App Display Building Info returns null when building is null" time="0">
    </testcase>
    <testcase classname="__tests__/App.test.tsx" name="App Display Building Info hide all icons" time="0.001">
    </testcase>
    <testcase classname="__tests__/App.test.tsx" name="App Display Building Info shows parking icon if parking lots are available" time="0.001">
    </testcase>
    <testcase classname="__tests__/App.test.tsx" name="App Display Building Info shows wheelchair icon if building entrance is accessible" time="0.002">
    </testcase>
    <testcase classname="__tests__/App.test.tsx" name="App Display Building Info shows bike icon if bike racks are available" time="0.003">
    </testcase>
    <testcase classname="__tests__/App.test.tsx" name="App Display Building Info hides columns when no departments or services" time="0.001">
    </testcase>
    <testcase classname="__tests__/App.test.tsx" name="App Display Building Info renders services column only" time="0.002">
    </testcase>
    <testcase classname="__tests__/App.test.tsx" name="App Display Building Info renders multiple departments" time="0.002">
    </testcase>
    <testcase classname="__tests__/App.test.tsx" name="App Location Selection Feature opens location modal when Set Location button is pressed" time="0.005">
    </testcase>
    <testcase classname="__tests__/App.test.tsx" name="App Location Selection Feature closes location modal when Close button is pressed" time="0.007">
    </testcase>
    <testcase classname="__tests__/App.test.tsx" name="App Location Selection Feature searches buildings by name" time="0.026">
    </testcase>
    <testcase classname="__tests__/App.test.tsx" name="App Location Selection Feature displays building list when search has results" time="0.009">
    </testcase>
    <testcase classname="__tests__/App.test.tsx" name="App Location Selection Feature clears building list when search is empty" time="0.012">
    </testcase>
    <testcase classname="__tests__/App.test.tsx" name="App Location Selection Feature disables Confirm button when no location is selected" time="1.008">
      <failure>Error: expect(received).toBe(expected) // Object.is equality

Expected: true
Received: undefined
    at Object.&lt;anonymous&gt; (/Users/vincent-personal/Documents/GitHub/hotfixinprod/mobile/__tests__/App.test.tsx:593:20)
    at Generator.next (&lt;anonymous&gt;)
    at asyncGeneratorStep (/Users/vincent-personal/Documents/GitHub/hotfixinprod/mobile/node_modules/@babel/runtime/helpers/asyncToGenerator.js:3:17)
    at _next (/Users/vincent-personal/Documents/GitHub/hotfixinprod/mobile/node_modules/@babel/runtime/helpers/asyncToGenerator.js:17:9)
    at /Users/vincent-personal/Documents/GitHub/hotfixinprod/mobile/node_modules/@babel/runtime/helpers/asyncToGenerator.js:22:7
    at new Promise (&lt;anonymous&gt;)
    at Object.&lt;anonymous&gt; (/Users/vincent-personal/Documents/GitHub/hotfixinprod/mobile/node_modules/@babel/runtime/helpers/asyncToGenerator.js:14:12)
    at Promise.then.completed (/Users/vincent-personal/Documents/GitHub/hotfixinprod/mobile/node_modules/jest-circus/build/utils.js:298:28)
    at new Promise (&lt;anonymous&gt;)
    at callAsyncCircusFn (/Users/vincent-personal/Documents/GitHub/hotfixinprod/mobile/node_modules/jest-circus/build/utils.js:231:10)
    at _callCircusTest (/Users/vincent-personal/Documents/GitHub/hotfixinprod/mobile/node_modules/jest-circus/build/run.js:316:40)
    at _runTest (/Users/vincent-personal/Documents/GitHub/hotfixinprod/mobile/node_modules/jest-circus/build/run.js:252:3)
    at _runTestsForDescribeBlock (/Users/vincent-personal/Documents/GitHub/hotfixinprod/mobile/node_modules/jest-circus/build/run.js:126:9)
    at _runTestsForDescribeBlock (/Users/vincent-personal/Documents/GitHub/hotfixinprod/mobile/node_modules/jest-circus/build/run.js:121:9)
    at _runTestsForDescribeBlock (/Users/vincent-personal/Documents/GitHub/hotfixinprod/mobile/node_modules/jest-circus/build/run.js:121:9)
    at run (/Users/vincent-personal/Documents/GitHub/hotfixinprod/mobile/node_modules/jest-circus/build/run.js:71:3)
    at runAndTransformResultsToJestFormat (/Users/vincent-personal/Documents/GitHub/hotfixinprod/mobile/node_modules/jest-circus/build/legacy-code-todo-rewrite/jestAdapterInit.js:122:21)
    at jestAdapter (/Users/vincent-personal/Documents/GitHub/hotfixinprod/mobile/node_modules/jest-circus/build/legacy-code-todo-rewrite/jestAdapter.js:79:19)
    at runTestInternal (/Users/vincent-personal/Documents/GitHub/hotfixinprod/mobile/node_modules/jest-runner/build/runTest.js:367:16)
    at runTest (/Users/vincent-personal/Documents/GitHub/hotfixinprod/mobile/node_modules/jest-runner/build/runTest.js:444:34)
    at Object.worker (/Users/vincent-personal/Documents/GitHub/hotfixinprod/mobile/node_modules/jest-runner/build/testWorker.js:106:12)</failure>
    </testcase>
    <testcase classname="__tests__/App.test.tsx" name="App Location Selection Feature animates map to building center when building is selected" time="0.026">
    </testcase>
    <testcase classname="__tests__/App.test.tsx" name="App Building Highlighting Feature selects building and displays in BuildingInfo" time="0.006">
    </testcase>
    <testcase classname="__tests__/App.test.tsx" name="App Building Highlighting Feature closes BuildingInfo when close button is pressed" time="0.007">
    </testcase>
    <testcase classname="__tests__/App.test.tsx" name="App Building Highlighting Feature passes selectedBuilding prop to BuildingPolygon" time="0.005">
    </testcase>
    <testcase classname="__tests__/App.test.tsx" name="App Uncovered Code Coverage handleSetLocation shows alert when trying to confirm without location selected" time="1.005">
      <failure>Error: expect(jest.fn()).toHaveBeenCalledWith(...expected)

Expected: &quot;No Location&quot;, &quot;Please tap on the map or select a building first&quot;

Number of calls: 0
    at Object.&lt;anonymous&gt; (/Users/vincent-personal/Documents/GitHub/hotfixinprod/mobile/__tests__/App.test.tsx:669:22)
    at Generator.next (&lt;anonymous&gt;)
    at asyncGeneratorStep (/Users/vincent-personal/Documents/GitHub/hotfixinprod/mobile/node_modules/@babel/runtime/helpers/asyncToGenerator.js:3:17)
    at _next (/Users/vincent-personal/Documents/GitHub/hotfixinprod/mobile/node_modules/@babel/runtime/helpers/asyncToGenerator.js:17:9)</failure>
    </testcase>
    <testcase classname="__tests__/App.test.tsx" name="App Uncovered Code Coverage handleSetLocation closes modal when location is set and Confirm is pressed" time="0.032">
      <failure>Error: Element type is invalid: expected a string (for built-in components) or a class/function (for composite components) but got: undefined. You likely forgot to export your component from the file it&apos;s defined in, or you might have mixed up default and named imports.

Check the render method of `App`.
    at createFiberFromTypeAndProps (/Users/vincent-personal/Documents/GitHub/hotfixinprod/mobile/node_modules/react-test-renderer/cjs/react-test-renderer.development.js:12185:28)
    at createFiberFromElement (/Users/vincent-personal/Documents/GitHub/hotfixinprod/mobile/node_modules/react-test-renderer/cjs/react-test-renderer.development.js:12199:14)
    at createChild (/Users/vincent-personal/Documents/GitHub/hotfixinprod/mobile/node_modules/react-test-renderer/cjs/react-test-renderer.development.js:4475:26)
    at reconcileChildrenArray (/Users/vincent-personal/Documents/GitHub/hotfixinprod/mobile/node_modules/react-test-renderer/cjs/react-test-renderer.development.js:4805:25)
    at reconcileChildFibersImpl (/Users/vincent-personal/Documents/GitHub/hotfixinprod/mobile/node_modules/react-test-renderer/cjs/react-test-renderer.development.js:5122:30)
    at /Users/vincent-personal/Documents/GitHub/hotfixinprod/mobile/node_modules/react-test-renderer/cjs/react-test-renderer.development.js:5227:33
    at reconcileChildren (/Users/vincent-personal/Documents/GitHub/hotfixinprod/mobile/node_modules/react-test-renderer/cjs/react-test-renderer.development.js:5735:13)
    at beginWork (/Users/vincent-personal/Documents/GitHub/hotfixinprod/mobile/node_modules/react-test-renderer/cjs/react-test-renderer.development.js:7595:13)
    at runWithFiberInDEV (/Users/vincent-personal/Documents/GitHub/hotfixinprod/mobile/node_modules/react-test-renderer/cjs/react-test-renderer.development.js:1574:13)
    at performUnitOfWork (/Users/vincent-personal/Documents/GitHub/hotfixinprod/mobile/node_modules/react-test-renderer/cjs/react-test-renderer.development.js:10972:22)
    at workLoopSync (/Users/vincent-personal/Documents/GitHub/hotfixinprod/mobile/node_modules/react-test-renderer/cjs/react-test-renderer.development.js:10816:41)
    at renderRootSync (/Users/vincent-personal/Documents/GitHub/hotfixinprod/mobile/node_modules/react-test-renderer/cjs/react-test-renderer.development.js:10797:11)
    at performWorkOnRoot (/Users/vincent-personal/Documents/GitHub/hotfixinprod/mobile/node_modules/react-test-renderer/cjs/react-test-renderer.development.js:10384:39)
    at performWorkOnRootViaSchedulerTask (/Users/vincent-personal/Documents/GitHub/hotfixinprod/mobile/node_modules/react-test-renderer/cjs/react-test-renderer.development.js:2094:7)
    at flushActQueue (/Users/vincent-personal/Documents/GitHub/hotfixinprod/mobile/node_modules/react/cjs/react.development.js:566:34)
    at Object.&lt;anonymous&gt;.process.env.NODE_ENV.exports.act (/Users/vincent-personal/Documents/GitHub/hotfixinprod/mobile/node_modules/react/cjs/react.development.js:859:10)
    at actImplementation (/Users/vincent-personal/Documents/GitHub/hotfixinprod/mobile/node_modules/@testing-library/react-native/src/act.ts:30:25)
    at fireEvent (/Users/vincent-personal/Documents/GitHub/hotfixinprod/mobile/node_modules/@testing-library/react-native/src/fire-event.ts:122:11)
    at fireEvent [as press] (/Users/vincent-personal/Documents/GitHub/hotfixinprod/mobile/node_modules/@testing-library/react-native/src/fire-event.ts:130:3)
    at Object.press (/Users/vincent-personal/Documents/GitHub/hotfixinprod/mobile/__tests__/App.test.tsx:689:19)
    at Generator.next (&lt;anonymous&gt;)
    at asyncGeneratorStep (/Users/vincent-personal/Documents/GitHub/hotfixinprod/mobile/node_modules/@babel/runtime/helpers/asyncToGenerator.js:3:17)
    at _next (/Users/vincent-personal/Documents/GitHub/hotfixinprod/mobile/node_modules/@babel/runtime/helpers/asyncToGenerator.js:17:9)</failure>
    </testcase>
    <testcase classname="__tests__/App.test.tsx" name="App Uncovered Code Coverage handleClearLocation clears all location-related state" time="0.011">
      <failure>Error: Element type is invalid: expected a string (for built-in components) or a class/function (for composite components) but got: undefined. You likely forgot to export your component from the file it&apos;s defined in, or you might have mixed up default and named imports.

Check the render method of `App`.
    at createFiberFromTypeAndProps (/Users/vincent-personal/Documents/GitHub/hotfixinprod/mobile/node_modules/react-test-renderer/cjs/react-test-renderer.development.js:12185:28)
    at createFiberFromElement (/Users/vincent-personal/Documents/GitHub/hotfixinprod/mobile/node_modules/react-test-renderer/cjs/react-test-renderer.development.js:12199:14)
    at createChild (/Users/vincent-personal/Documents/GitHub/hotfixinprod/mobile/node_modules/react-test-renderer/cjs/react-test-renderer.development.js:4475:26)
    at reconcileChildrenArray (/Users/vincent-personal/Documents/GitHub/hotfixinprod/mobile/node_modules/react-test-renderer/cjs/react-test-renderer.development.js:4805:25)
    at reconcileChildFibersImpl (/Users/vincent-personal/Documents/GitHub/hotfixinprod/mobile/node_modules/react-test-renderer/cjs/react-test-renderer.development.js:5122:30)
    at /Users/vincent-personal/Documents/GitHub/hotfixinprod/mobile/node_modules/react-test-renderer/cjs/react-test-renderer.development.js:5227:33
    at reconcileChildren (/Users/vincent-personal/Documents/GitHub/hotfixinprod/mobile/node_modules/react-test-renderer/cjs/react-test-renderer.development.js:5735:13)
    at beginWork (/Users/vincent-personal/Documents/GitHub/hotfixinprod/mobile/node_modules/react-test-renderer/cjs/react-test-renderer.development.js:7595:13)
    at runWithFiberInDEV (/Users/vincent-personal/Documents/GitHub/hotfixinprod/mobile/node_modules/react-test-renderer/cjs/react-test-renderer.development.js:1574:13)
    at performUnitOfWork (/Users/vincent-personal/Documents/GitHub/hotfixinprod/mobile/node_modules/react-test-renderer/cjs/react-test-renderer.development.js:10972:22)
    at workLoopSync (/Users/vincent-personal/Documents/GitHub/hotfixinprod/mobile/node_modules/react-test-renderer/cjs/react-test-renderer.development.js:10816:41)
    at renderRootSync (/Users/vincent-personal/Documents/GitHub/hotfixinprod/mobile/node_modules/react-test-renderer/cjs/react-test-renderer.development.js:10797:11)
    at performWorkOnRoot (/Users/vincent-personal/Documents/GitHub/hotfixinprod/mobile/node_modules/react-test-renderer/cjs/react-test-renderer.development.js:10384:39)
    at performWorkOnRootViaSchedulerTask (/Users/vincent-personal/Documents/GitHub/hotfixinprod/mobile/node_modules/react-test-renderer/cjs/react-test-renderer.development.js:2094:7)
    at flushActQueue (/Users/vincent-personal/Documents/GitHub/hotfixinprod/mobile/node_modules/react/cjs/react.development.js:566:34)
    at Object.&lt;anonymous&gt;.process.env.NODE_ENV.exports.act (/Users/vincent-personal/Documents/GitHub/hotfixinprod/mobile/node_modules/react/cjs/react.development.js:859:10)
    at actImplementation (/Users/vincent-personal/Documents/GitHub/hotfixinprod/mobile/node_modules/@testing-library/react-native/src/act.ts:30:25)
    at fireEvent (/Users/vincent-personal/Documents/GitHub/hotfixinprod/mobile/node_modules/@testing-library/react-native/src/fire-event.ts:122:11)
    at fireEvent [as press] (/Users/vincent-personal/Documents/GitHub/hotfixinprod/mobile/node_modules/@testing-library/react-native/src/fire-event.ts:130:3)
    at Object.press (/Users/vincent-personal/Documents/GitHub/hotfixinprod/mobile/__tests__/App.test.tsx:715:19)
    at Generator.next (&lt;anonymous&gt;)
    at asyncGeneratorStep (/Users/vincent-personal/Documents/GitHub/hotfixinprod/mobile/node_modules/@babel/runtime/helpers/asyncToGenerator.js:3:17)
    at _next (/Users/vincent-personal/Documents/GitHub/hotfixinprod/mobile/node_modules/@babel/runtime/helpers/asyncToGenerator.js:17:9)</failure>
    </testcase>
    <testcase classname="__tests__/App.test.tsx" name="App Uncovered Code Coverage handleClearLocation clears search query when location is cleared" time="1.01">
      <failure>Error: Unable to find node on an unmounted component.
    at Object.&lt;anonymous&gt; (/Users/vincent-personal/Documents/GitHub/hotfixinprod/mobile/__tests__/App.test.tsx:737:22)
    at Generator.next (&lt;anonymous&gt;)
    at asyncGeneratorStep (/Users/vincent-personal/Documents/GitHub/hotfixinprod/mobile/node_modules/@babel/runtime/helpers/asyncToGenerator.js:3:17)
    at _next (/Users/vincent-personal/Documents/GitHub/hotfixinprod/mobile/node_modules/@babel/runtime/helpers/asyncToGenerator.js:17:9)
    at /Users/vincent-personal/Documents/GitHub/hotfixinprod/mobile/node_modules/@babel/runtime/helpers/asyncToGenerator.js:22:7
    at new Promise (&lt;anonymous&gt;)
    at Object.&lt;anonymous&gt; (/Users/vincent-personal/Documents/GitHub/hotfixinprod/mobile/node_modules/@babel/runtime/helpers/asyncToGenerator.js:14:12)
    at Promise.then.completed (/Users/vincent-personal/Documents/GitHub/hotfixinprod/mobile/node_modules/jest-circus/build/utils.js:298:28)
    at new Promise (&lt;anonymous&gt;)
    at callAsyncCircusFn (/Users/vincent-personal/Documents/GitHub/hotfixinprod/mobile/node_modules/jest-circus/build/utils.js:231:10)
    at _callCircusTest (/Users/vincent-personal/Documents/GitHub/hotfixinprod/mobile/node_modules/jest-circus/build/run.js:316:40)
    at _runTest (/Users/vincent-personal/Documents/GitHub/hotfixinprod/mobile/node_modules/jest-circus/build/run.js:252:3)
    at _runTestsForDescribeBlock (/Users/vincent-personal/Documents/GitHub/hotfixinprod/mobile/node_modules/jest-circus/build/run.js:126:9)
    at _runTestsForDescribeBlock (/Users/vincent-personal/Documents/GitHub/hotfixinprod/mobile/node_modules/jest-circus/build/run.js:121:9)
    at _runTestsForDescribeBlock (/Users/vincent-personal/Documents/GitHub/hotfixinprod/mobile/node_modules/jest-circus/build/run.js:121:9)
    at _runTestsForDescribeBlock (/Users/vincent-personal/Documents/GitHub/hotfixinprod/mobile/node_modules/jest-circus/build/run.js:121:9)
    at run (/Users/vincent-personal/Documents/GitHub/hotfixinprod/mobile/node_modules/jest-circus/build/run.js:71:3)
    at runAndTransformResultsToJestFormat (/Users/vincent-personal/Documents/GitHub/hotfixinprod/mobile/node_modules/jest-circus/build/legacy-code-todo-rewrite/jestAdapterInit.js:122:21)
    at jestAdapter (/Users/vincent-personal/Documents/GitHub/hotfixinprod/mobile/node_modules/jest-circus/build/legacy-code-todo-rewrite/jestAdapter.js:79:19)
    at runTestInternal (/Users/vincent-personal/Documents/GitHub/hotfixinprod/mobile/node_modules/jest-runner/build/runTest.js:367:16)
    at runTest (/Users/vincent-personal/Documents/GitHub/hotfixinprod/mobile/node_modules/jest-runner/build/runTest.js:444:34)
    at Object.worker (/Users/vincent-personal/Documents/GitHub/hotfixinprod/mobile/node_modules/jest-runner/build/testWorker.js:106:12)</failure>
    </testcase>
    <testcase classname="__tests__/App.test.tsx" name="App Uncovered Code Coverage handleSelectBuilding calculates building center from coordinates" time="1.022">
      <failure>Error: Unable to find node on an unmounted component.
    at Object.&lt;anonymous&gt; (/Users/vincent-personal/Documents/GitHub/hotfixinprod/mobile/__tests__/App.test.tsx:760:22)
    at Generator.next (&lt;anonymous&gt;)
    at asyncGeneratorStep (/Users/vincent-personal/Documents/GitHub/hotfixinprod/mobile/node_modules/@babel/runtime/helpers/asyncToGenerator.js:3:17)
    at _next (/Users/vincent-personal/Documents/GitHub/hotfixinprod/mobile/node_modules/@babel/runtime/helpers/asyncToGenerator.js:17:9)
    at /Users/vincent-personal/Documents/GitHub/hotfixinprod/mobile/node_modules/@babel/runtime/helpers/asyncToGenerator.js:22:7
    at new Promise (&lt;anonymous&gt;)
    at Object.&lt;anonymous&gt; (/Users/vincent-personal/Documents/GitHub/hotfixinprod/mobile/node_modules/@babel/runtime/helpers/asyncToGenerator.js:14:12)
    at Promise.then.completed (/Users/vincent-personal/Documents/GitHub/hotfixinprod/mobile/node_modules/jest-circus/build/utils.js:298:28)
    at new Promise (&lt;anonymous&gt;)
    at callAsyncCircusFn (/Users/vincent-personal/Documents/GitHub/hotfixinprod/mobile/node_modules/jest-circus/build/utils.js:231:10)
    at _callCircusTest (/Users/vincent-personal/Documents/GitHub/hotfixinprod/mobile/node_modules/jest-circus/build/run.js:316:40)
    at _runTest (/Users/vincent-personal/Documents/GitHub/hotfixinprod/mobile/node_modules/jest-circus/build/run.js:252:3)
    at _runTestsForDescribeBlock (/Users/vincent-personal/Documents/GitHub/hotfixinprod/mobile/node_modules/jest-circus/build/run.js:126:9)
    at _runTestsForDescribeBlock (/Users/vincent-personal/Documents/GitHub/hotfixinprod/mobile/node_modules/jest-circus/build/run.js:121:9)
    at _runTestsForDescribeBlock (/Users/vincent-personal/Documents/GitHub/hotfixinprod/mobile/node_modules/jest-circus/build/run.js:121:9)
    at _runTestsForDescribeBlock (/Users/vincent-personal/Documents/GitHub/hotfixinprod/mobile/node_modules/jest-circus/build/run.js:121:9)
    at run (/Users/vincent-personal/Documents/GitHub/hotfixinprod/mobile/node_modules/jest-circus/build/run.js:71:3)
    at runAndTransformResultsToJestFormat (/Users/vincent-personal/Documents/GitHub/hotfixinprod/mobile/node_modules/jest-circus/build/legacy-code-todo-rewrite/jestAdapterInit.js:122:21)
    at jestAdapter (/Users/vincent-personal/Documents/GitHub/hotfixinprod/mobile/node_modules/jest-circus/build/legacy-code-todo-rewrite/jestAdapter.js:79:19)
    at runTestInternal (/Users/vincent-personal/Documents/GitHub/hotfixinprod/mobile/node_modules/jest-runner/build/runTest.js:367:16)
    at runTest (/Users/vincent-personal/Documents/GitHub/hotfixinprod/mobile/node_modules/jest-runner/build/runTest.js:444:34)
    at Object.worker (/Users/vincent-personal/Documents/GitHub/hotfixinprod/mobile/node_modules/jest-runner/build/testWorker.js:106:12)</failure>
    </testcase>
    <testcase classname="__tests__/App.test.tsx" name="App Uncovered Code Coverage handleSelectBuilding sets all location state on building selection" time="1.023">
      <failure>Error: Unable to find node on an unmounted component.
    at Object.&lt;anonymous&gt; (/Users/vincent-personal/Documents/GitHub/hotfixinprod/mobile/__tests__/App.test.tsx:784:22)
    at Generator.next (&lt;anonymous&gt;)
    at asyncGeneratorStep (/Users/vincent-personal/Documents/GitHub/hotfixinprod/mobile/node_modules/@babel/runtime/helpers/asyncToGenerator.js:3:17)
    at _next (/Users/vincent-personal/Documents/GitHub/hotfixinprod/mobile/node_modules/@babel/runtime/helpers/asyncToGenerator.js:17:9)
    at /Users/vincent-personal/Documents/GitHub/hotfixinprod/mobile/node_modules/@babel/runtime/helpers/asyncToGenerator.js:22:7
    at new Promise (&lt;anonymous&gt;)
    at Object.&lt;anonymous&gt; (/Users/vincent-personal/Documents/GitHub/hotfixinprod/mobile/node_modules/@babel/runtime/helpers/asyncToGenerator.js:14:12)
    at Promise.then.completed (/Users/vincent-personal/Documents/GitHub/hotfixinprod/mobile/node_modules/jest-circus/build/utils.js:298:28)
    at new Promise (&lt;anonymous&gt;)
    at callAsyncCircusFn (/Users/vincent-personal/Documents/GitHub/hotfixinprod/mobile/node_modules/jest-circus/build/utils.js:231:10)
    at _callCircusTest (/Users/vincent-personal/Documents/GitHub/hotfixinprod/mobile/node_modules/jest-circus/build/run.js:316:40)
    at _runTest (/Users/vincent-personal/Documents/GitHub/hotfixinprod/mobile/node_modules/jest-circus/build/run.js:252:3)
    at _runTestsForDescribeBlock (/Users/vincent-personal/Documents/GitHub/hotfixinprod/mobile/node_modules/jest-circus/build/run.js:126:9)
    at _runTestsForDescribeBlock (/Users/vincent-personal/Documents/GitHub/hotfixinprod/mobile/node_modules/jest-circus/build/run.js:121:9)
    at _runTestsForDescribeBlock (/Users/vincent-personal/Documents/GitHub/hotfixinprod/mobile/node_modules/jest-circus/build/run.js:121:9)
    at _runTestsForDescribeBlock (/Users/vincent-personal/Documents/GitHub/hotfixinprod/mobile/node_modules/jest-circus/build/run.js:121:9)
    at run (/Users/vincent-personal/Documents/GitHub/hotfixinprod/mobile/node_modules/jest-circus/build/run.js:71:3)
    at runAndTransformResultsToJestFormat (/Users/vincent-personal/Documents/GitHub/hotfixinprod/mobile/node_modules/jest-circus/build/legacy-code-todo-rewrite/jestAdapterInit.js:122:21)
    at jestAdapter (/Users/vincent-personal/Documents/GitHub/hotfixinprod/mobile/node_modules/jest-circus/build/legacy-code-todo-rewrite/jestAdapter.js:79:19)
    at runTestInternal (/Users/vincent-personal/Documents/GitHub/hotfixinprod/mobile/node_modules/jest-runner/build/runTest.js:367:16)
    at runTest (/Users/vincent-personal/Documents/GitHub/hotfixinprod/mobile/node_modules/jest-runner/build/runTest.js:444:34)
    at Object.worker (/Users/vincent-personal/Documents/GitHub/hotfixinprod/mobile/node_modules/jest-runner/build/testWorker.js:106:12)</failure>
    </testcase>
    <testcase classname="__tests__/App.test.tsx" name="App Uncovered Code Coverage handleSelectBuilding clears filtered buildings after selection" time="0.022">
      <failure>Error: Element type is invalid: expected a string (for built-in components) or a class/function (for composite components) but got: undefined. You likely forgot to export your component from the file it&apos;s defined in, or you might have mixed up default and named imports.

Check the render method of `App`.
    at createFiberFromTypeAndProps (/Users/vincent-personal/Documents/GitHub/hotfixinprod/mobile/node_modules/react-test-renderer/cjs/react-test-renderer.development.js:12185:28)
    at createFiberFromElement (/Users/vincent-personal/Documents/GitHub/hotfixinprod/mobile/node_modules/react-test-renderer/cjs/react-test-renderer.development.js:12199:14)
    at createChild (/Users/vincent-personal/Documents/GitHub/hotfixinprod/mobile/node_modules/react-test-renderer/cjs/react-test-renderer.development.js:4475:26)
    at reconcileChildrenArray (/Users/vincent-personal/Documents/GitHub/hotfixinprod/mobile/node_modules/react-test-renderer/cjs/react-test-renderer.development.js:4805:25)
    at reconcileChildFibersImpl (/Users/vincent-personal/Documents/GitHub/hotfixinprod/mobile/node_modules/react-test-renderer/cjs/react-test-renderer.development.js:5122:30)
    at /Users/vincent-personal/Documents/GitHub/hotfixinprod/mobile/node_modules/react-test-renderer/cjs/react-test-renderer.development.js:5227:33
    at reconcileChildren (/Users/vincent-personal/Documents/GitHub/hotfixinprod/mobile/node_modules/react-test-renderer/cjs/react-test-renderer.development.js:5735:13)
    at beginWork (/Users/vincent-personal/Documents/GitHub/hotfixinprod/mobile/node_modules/react-test-renderer/cjs/react-test-renderer.development.js:7595:13)
    at runWithFiberInDEV (/Users/vincent-personal/Documents/GitHub/hotfixinprod/mobile/node_modules/react-test-renderer/cjs/react-test-renderer.development.js:1574:13)
    at performUnitOfWork (/Users/vincent-personal/Documents/GitHub/hotfixinprod/mobile/node_modules/react-test-renderer/cjs/react-test-renderer.development.js:10972:22)
    at workLoopSync (/Users/vincent-personal/Documents/GitHub/hotfixinprod/mobile/node_modules/react-test-renderer/cjs/react-test-renderer.development.js:10816:41)
    at renderRootSync (/Users/vincent-personal/Documents/GitHub/hotfixinprod/mobile/node_modules/react-test-renderer/cjs/react-test-renderer.development.js:10797:11)
    at performWorkOnRoot (/Users/vincent-personal/Documents/GitHub/hotfixinprod/mobile/node_modules/react-test-renderer/cjs/react-test-renderer.development.js:10384:39)
    at performWorkOnRootViaSchedulerTask (/Users/vincent-personal/Documents/GitHub/hotfixinprod/mobile/node_modules/react-test-renderer/cjs/react-test-renderer.development.js:2094:7)
    at flushActQueue (/Users/vincent-personal/Documents/GitHub/hotfixinprod/mobile/node_modules/react/cjs/react.development.js:566:34)
    at Object.&lt;anonymous&gt;.process.env.NODE_ENV.exports.act (/Users/vincent-personal/Documents/GitHub/hotfixinprod/mobile/node_modules/react/cjs/react.development.js:859:10)
    at actImplementation (/Users/vincent-personal/Documents/GitHub/hotfixinprod/mobile/node_modules/@testing-library/react-native/src/act.ts:30:25)
    at fireEvent (/Users/vincent-personal/Documents/GitHub/hotfixinprod/mobile/node_modules/@testing-library/react-native/src/fire-event.ts:122:11)
    at fireEvent [as press] (/Users/vincent-personal/Documents/GitHub/hotfixinprod/mobile/node_modules/@testing-library/react-native/src/fire-event.ts:130:3)
    at Object.press (/Users/vincent-personal/Documents/GitHub/hotfixinprod/mobile/__tests__/App.test.tsx:807:19)
    at Generator.next (&lt;anonymous&gt;)
    at asyncGeneratorStep (/Users/vincent-personal/Documents/GitHub/hotfixinprod/mobile/node_modules/@babel/runtime/helpers/asyncToGenerator.js:3:17)
    at _next (/Users/vincent-personal/Documents/GitHub/hotfixinprod/mobile/node_modules/@babel/runtime/helpers/asyncToGenerator.js:17:9)</failure>
    </testcase>
    <testcase classname="__tests__/App.test.tsx" name="App Uncovered Code Coverage Modal Interactions closes modal when onRequestClose is triggered" time="0.005">
    </testcase>
    <testcase classname="__tests__/App.test.tsx" name="App Uncovered Code Coverage Circle and Marker Rendering renders location marker when manualLocation is set" time="1.01">
      <failure>Error: Unable to find node on an unmounted component.
    at Object.&lt;anonymous&gt; (/Users/vincent-personal/Documents/GitHub/hotfixinprod/mobile/__tests__/App.test.tsx:842:22)
    at Generator.next (&lt;anonymous&gt;)
    at asyncGeneratorStep (/Users/vincent-personal/Documents/GitHub/hotfixinprod/mobile/node_modules/@babel/runtime/helpers/asyncToGenerator.js:3:17)
    at _next (/Users/vincent-personal/Documents/GitHub/hotfixinprod/mobile/node_modules/@babel/runtime/helpers/asyncToGenerator.js:17:9)
    at /Users/vincent-personal/Documents/GitHub/hotfixinprod/mobile/node_modules/@babel/runtime/helpers/asyncToGenerator.js:22:7
    at new Promise (&lt;anonymous&gt;)
    at Object.&lt;anonymous&gt; (/Users/vincent-personal/Documents/GitHub/hotfixinprod/mobile/node_modules/@babel/runtime/helpers/asyncToGenerator.js:14:12)
    at Promise.then.completed (/Users/vincent-personal/Documents/GitHub/hotfixinprod/mobile/node_modules/jest-circus/build/utils.js:298:28)
    at new Promise (&lt;anonymous&gt;)
    at callAsyncCircusFn (/Users/vincent-personal/Documents/GitHub/hotfixinprod/mobile/node_modules/jest-circus/build/utils.js:231:10)
    at _callCircusTest (/Users/vincent-personal/Documents/GitHub/hotfixinprod/mobile/node_modules/jest-circus/build/run.js:316:40)
    at _runTest (/Users/vincent-personal/Documents/GitHub/hotfixinprod/mobile/node_modules/jest-circus/build/run.js:252:3)
    at _runTestsForDescribeBlock (/Users/vincent-personal/Documents/GitHub/hotfixinprod/mobile/node_modules/jest-circus/build/run.js:126:9)
    at _runTestsForDescribeBlock (/Users/vincent-personal/Documents/GitHub/hotfixinprod/mobile/node_modules/jest-circus/build/run.js:121:9)
    at _runTestsForDescribeBlock (/Users/vincent-personal/Documents/GitHub/hotfixinprod/mobile/node_modules/jest-circus/build/run.js:121:9)
    at _runTestsForDescribeBlock (/Users/vincent-personal/Documents/GitHub/hotfixinprod/mobile/node_modules/jest-circus/build/run.js:121:9)
    at run (/Users/vincent-personal/Documents/GitHub/hotfixinprod/mobile/node_modules/jest-circus/build/run.js:71:3)
    at runAndTransformResultsToJestFormat (/Users/vincent-personal/Documents/GitHub/hotfixinprod/mobile/node_modules/jest-circus/build/legacy-code-todo-rewrite/jestAdapterInit.js:122:21)
    at jestAdapter (/Users/vincent-personal/Documents/GitHub/hotfixinprod/mobile/node_modules/jest-circus/build/legacy-code-todo-rewrite/jestAdapter.js:79:19)
    at runTestInternal (/Users/vincent-personal/Documents/GitHub/hotfixinprod/mobile/node_modules/jest-runner/build/runTest.js:367:16)
    at runTest (/Users/vincent-personal/Documents/GitHub/hotfixinprod/mobile/node_modules/jest-runner/build/runTest.js:444:34)
    at Object.worker (/Users/vincent-personal/Documents/GitHub/hotfixinprod/mobile/node_modules/jest-runner/build/testWorker.js:106:12)</failure>
    </testcase>
    <testcase classname="__tests__/App.test.tsx" name="App Uncovered Code Coverage Search Functionality filters buildings case-insensitively" time="0.02">
    </testcase>
    <testcase classname="__tests__/App.test.tsx" name="App Uncovered Code Coverage Search Functionality hides building list when search is cleared" time="0.011">
    </testcase>
    <testcase classname="__tests__/App.test.tsx" name="App Uncovered Code Coverage Search Functionality hides building list when search with only whitespace" time="0.006">
    </testcase>
  </testsuite>
</testsuites>